{"C:\\Users\\guilh\\Documents\\Projetos\\tracker-orders2\\api\\src\\entities\\Order.ts": {"path":"C:\\Users\\guilh\\Documents\\Projetos\\tracker-orders2\\api\\src\\entities\\Order.ts","all":false,"statementMap":{"0":{"start":{"line":1,"column":0},"end":{"line":1,"column":20}},"1":{"start":{"line":2,"column":0},"end":{"line":2,"column":23}},"2":{"start":{"line":3,"column":0},"end":{"line":3,"column":15}},"3":{"start":{"line":4,"column":0},"end":{"line":4,"column":21}},"4":{"start":{"line":5,"column":0},"end":{"line":5,"column":0}},"5":{"start":{"line":6,"column":0},"end":{"line":6,"column":68}},"6":{"start":{"line":7,"column":0},"end":{"line":7,"column":68}},"7":{"start":{"line":8,"column":0},"end":{"line":8,"column":3}},"8":{"start":{"line":9,"column":0},"end":{"line":9,"column":0}},"9":{"start":{"line":10,"column":0},"end":{"line":10,"column":60}},"10":{"start":{"line":11,"column":0},"end":{"line":11,"column":63}},"11":{"start":{"line":12,"column":0},"end":{"line":12,"column":16}},"12":{"start":{"line":13,"column":0},"end":{"line":13,"column":3}},"13":{"start":{"line":14,"column":0},"end":{"line":14,"column":1}}},"s":{"0":1,"1":1,"2":1,"3":1,"4":1,"5":1,"6":7,"7":7,"8":1,"9":1,"10":7,"11":7,"12":7,"13":1},"branchMap":{"0":{"type":"branch","line":6,"loc":{"start":{"line":6,"column":2},"end":{"line":8,"column":3}},"locations":[{"start":{"line":6,"column":2},"end":{"line":8,"column":3}}]},"1":{"type":"branch","line":10,"loc":{"start":{"line":10,"column":9},"end":{"line":13,"column":3}},"locations":[{"start":{"line":10,"column":9},"end":{"line":13,"column":3}}]}},"b":{"0":[7],"1":[7]},"fnMap":{"0":{"name":"Order","decl":{"start":{"line":6,"column":2},"end":{"line":8,"column":3}},"loc":{"start":{"line":6,"column":2},"end":{"line":8,"column":3}},"line":6},"1":{"name":"create","decl":{"start":{"line":10,"column":9},"end":{"line":13,"column":3}},"loc":{"start":{"line":10,"column":9},"end":{"line":13,"column":3}},"line":10}},"f":{"0":7,"1":7}}
,"C:\\Users\\guilh\\Documents\\Projetos\\tracker-orders2\\api\\src\\repositories\\inMemory\\inMemoryOrderRepository.ts": {"path":"C:\\Users\\guilh\\Documents\\Projetos\\tracker-orders2\\api\\src\\repositories\\inMemory\\inMemoryOrderRepository.ts","all":false,"statementMap":{"0":{"start":{"line":1,"column":0},"end":{"line":1,"column":44}},"1":{"start":{"line":2,"column":0},"end":{"line":2,"column":52}},"2":{"start":{"line":3,"column":0},"end":{"line":3,"column":0}},"3":{"start":{"line":4,"column":0},"end":{"line":4,"column":65}},"4":{"start":{"line":5,"column":0},"end":{"line":5,"column":30}},"5":{"start":{"line":6,"column":0},"end":{"line":6,"column":0}},"6":{"start":{"line":7,"column":0},"end":{"line":7,"column":51}},"7":{"start":{"line":8,"column":0},"end":{"line":8,"column":27}},"8":{"start":{"line":9,"column":0},"end":{"line":9,"column":16}},"9":{"start":{"line":10,"column":0},"end":{"line":10,"column":3}},"10":{"start":{"line":11,"column":0},"end":{"line":11,"column":0}},"11":{"start":{"line":12,"column":0},"end":{"line":12,"column":71}},"12":{"start":{"line":13,"column":0},"end":{"line":13,"column":41}},"13":{"start":{"line":14,"column":0},"end":{"line":14,"column":50}},"14":{"start":{"line":15,"column":0},"end":{"line":15,"column":7}},"15":{"start":{"line":16,"column":0},"end":{"line":16,"column":22}},"16":{"start":{"line":17,"column":0},"end":{"line":17,"column":3}},"17":{"start":{"line":18,"column":0},"end":{"line":18,"column":0}},"18":{"start":{"line":19,"column":0},"end":{"line":19,"column":61}},"19":{"start":{"line":20,"column":0},"end":{"line":20,"column":80}},"20":{"start":{"line":21,"column":0},"end":{"line":21,"column":16}},"21":{"start":{"line":22,"column":0},"end":{"line":22,"column":3}},"22":{"start":{"line":23,"column":0},"end":{"line":23,"column":0}},"23":{"start":{"line":24,"column":0},"end":{"line":24,"column":42}},"24":{"start":{"line":25,"column":0},"end":{"line":25,"column":30}},"25":{"start":{"line":26,"column":0},"end":{"line":26,"column":17}},"26":{"start":{"line":27,"column":0},"end":{"line":27,"column":3}},"27":{"start":{"line":28,"column":0},"end":{"line":28,"column":0}},"28":{"start":{"line":29,"column":0},"end":{"line":29,"column":73}},"29":{"start":{"line":30,"column":0},"end":{"line":30,"column":55}},"30":{"start":{"line":31,"column":0},"end":{"line":31,"column":48}},"31":{"start":{"line":32,"column":0},"end":{"line":32,"column":6}},"32":{"start":{"line":33,"column":0},"end":{"line":33,"column":0}},"33":{"start":{"line":34,"column":0},"end":{"line":34,"column":58}},"34":{"start":{"line":35,"column":0},"end":{"line":35,"column":0}},"35":{"start":{"line":36,"column":0},"end":{"line":36,"column":26}},"36":{"start":{"line":37,"column":0},"end":{"line":37,"column":3}},"37":{"start":{"line":38,"column":0},"end":{"line":38,"column":1}}},"s":{"0":1,"1":1,"2":1,"3":4,"4":4,"5":4,"6":4,"7":7,"8":7,"9":7,"10":4,"11":4,"12":2,"13":2,"14":2,"15":2,"16":2,"17":4,"18":4,"19":13,"20":13,"21":13,"22":4,"23":4,"24":2,"25":2,"26":2,"27":4,"28":4,"29":1,"30":1,"31":1,"32":1,"33":1,"34":1,"35":1,"36":1,"37":4},"branchMap":{"0":{"type":"branch","line":4,"loc":{"start":{"line":4,"column":0},"end":{"line":38,"column":1}},"locations":[{"start":{"line":4,"column":0},"end":{"line":38,"column":1}}]},"1":{"type":"branch","line":7,"loc":{"start":{"line":7,"column":8},"end":{"line":10,"column":3}},"locations":[{"start":{"line":7,"column":8},"end":{"line":10,"column":3}}]},"2":{"type":"branch","line":12,"loc":{"start":{"line":12,"column":8},"end":{"line":17,"column":3}},"locations":[{"start":{"line":12,"column":8},"end":{"line":17,"column":3}}]},"3":{"type":"branch","line":14,"loc":{"start":{"line":14,"column":6},"end":{"line":14,"column":50}},"locations":[{"start":{"line":14,"column":6},"end":{"line":14,"column":50}}]},"4":{"type":"branch","line":19,"loc":{"start":{"line":19,"column":8},"end":{"line":22,"column":3}},"locations":[{"start":{"line":19,"column":8},"end":{"line":22,"column":3}}]},"5":{"type":"branch","line":20,"loc":{"start":{"line":20,"column":35},"end":{"line":20,"column":79}},"locations":[{"start":{"line":20,"column":35},"end":{"line":20,"column":79}}]},"6":{"type":"branch","line":24,"loc":{"start":{"line":24,"column":8},"end":{"line":27,"column":3}},"locations":[{"start":{"line":24,"column":8},"end":{"line":27,"column":3}}]},"7":{"type":"branch","line":29,"loc":{"start":{"line":29,"column":8},"end":{"line":37,"column":3}},"locations":[{"start":{"line":29,"column":8},"end":{"line":37,"column":3}}]},"8":{"type":"branch","line":30,"loc":{"start":{"line":30,"column":45},"end":{"line":32,"column":5}},"locations":[{"start":{"line":30,"column":45},"end":{"line":32,"column":5}}]}},"b":{"0":[4],"1":[7],"2":[2],"3":[2],"4":[13],"5":[10],"6":[2],"7":[1],"8":[1]},"fnMap":{"0":{"name":"InMemoryOrderRepository","decl":{"start":{"line":4,"column":0},"end":{"line":38,"column":1}},"loc":{"start":{"line":4,"column":0},"end":{"line":38,"column":1}},"line":4},"1":{"name":"createOrder","decl":{"start":{"line":7,"column":8},"end":{"line":10,"column":3}},"loc":{"start":{"line":7,"column":8},"end":{"line":10,"column":3}},"line":7},"2":{"name":"findOrderByTrackingCode","decl":{"start":{"line":12,"column":8},"end":{"line":17,"column":3}},"loc":{"start":{"line":12,"column":8},"end":{"line":17,"column":3}},"line":12},"3":{"name":"orderExists","decl":{"start":{"line":19,"column":8},"end":{"line":22,"column":3}},"loc":{"start":{"line":19,"column":8},"end":{"line":22,"column":3}},"line":19},"4":{"name":"getAllOrders","decl":{"start":{"line":24,"column":8},"end":{"line":27,"column":3}},"loc":{"start":{"line":24,"column":8},"end":{"line":27,"column":3}},"line":24},"5":{"name":"deleteOrderByTrackingCode","decl":{"start":{"line":29,"column":8},"end":{"line":37,"column":3}},"loc":{"start":{"line":29,"column":8},"end":{"line":37,"column":3}},"line":29}},"f":{"0":4,"1":7,"2":2,"3":13,"4":2,"5":1}}
,"C:\\Users\\guilh\\Documents\\Projetos\\tracker-orders2\\api\\src\\useCases\\CreateOrder\\createOrderUseCase.ts": {"path":"C:\\Users\\guilh\\Documents\\Projetos\\tracker-orders2\\api\\src\\useCases\\CreateOrder\\createOrderUseCase.ts","all":false,"statementMap":{"0":{"start":{"line":1,"column":0},"end":{"line":1,"column":44}},"1":{"start":{"line":2,"column":0},"end":{"line":2,"column":68}},"2":{"start":{"line":3,"column":0},"end":{"line":3,"column":0}},"3":{"start":{"line":4,"column":0},"end":{"line":4,"column":29}},"4":{"start":{"line":5,"column":0},"end":{"line":5,"column":22}},"5":{"start":{"line":6,"column":0},"end":{"line":6,"column":15}},"6":{"start":{"line":7,"column":0},"end":{"line":7,"column":21}},"7":{"start":{"line":8,"column":0},"end":{"line":8,"column":1}},"8":{"start":{"line":9,"column":0},"end":{"line":9,"column":0}},"9":{"start":{"line":10,"column":0},"end":{"line":10,"column":33}},"10":{"start":{"line":11,"column":0},"end":{"line":11,"column":58}},"11":{"start":{"line":12,"column":0},"end":{"line":12,"column":0}},"12":{"start":{"line":13,"column":0},"end":{"line":13,"column":17}},"13":{"start":{"line":14,"column":0},"end":{"line":14,"column":17}},"14":{"start":{"line":15,"column":0},"end":{"line":15,"column":10}},"15":{"start":{"line":16,"column":0},"end":{"line":16,"column":15}},"16":{"start":{"line":17,"column":0},"end":{"line":17,"column":41}},"17":{"start":{"line":18,"column":0},"end":{"line":18,"column":0}},"18":{"start":{"line":19,"column":0},"end":{"line":19,"column":83}},"19":{"start":{"line":20,"column":0},"end":{"line":20,"column":0}},"20":{"start":{"line":21,"column":0},"end":{"line":21,"column":30}},"21":{"start":{"line":22,"column":0},"end":{"line":22,"column":50}},"22":{"start":{"line":23,"column":0},"end":{"line":23,"column":5}},"23":{"start":{"line":24,"column":0},"end":{"line":24,"column":0}},"24":{"start":{"line":25,"column":0},"end":{"line":25,"column":23}},"25":{"start":{"line":26,"column":0},"end":{"line":26,"column":42}},"26":{"start":{"line":27,"column":0},"end":{"line":27,"column":5}},"27":{"start":{"line":28,"column":0},"end":{"line":28,"column":0}},"28":{"start":{"line":29,"column":0},"end":{"line":29,"column":29}},"29":{"start":{"line":30,"column":0},"end":{"line":30,"column":45}},"30":{"start":{"line":31,"column":0},"end":{"line":31,"column":5}},"31":{"start":{"line":32,"column":0},"end":{"line":32,"column":3}},"32":{"start":{"line":33,"column":0},"end":{"line":33,"column":74}},"33":{"start":{"line":34,"column":0},"end":{"line":34,"column":70}},"34":{"start":{"line":35,"column":0},"end":{"line":35,"column":0}},"35":{"start":{"line":36,"column":0},"end":{"line":36,"column":16}},"36":{"start":{"line":37,"column":0},"end":{"line":37,"column":3}},"37":{"start":{"line":38,"column":0},"end":{"line":38,"column":1}}},"s":{"0":1,"1":1,"2":1,"3":1,"4":1,"5":1,"6":1,"7":1,"8":1,"9":1,"10":1,"11":1,"12":1,"13":10,"14":10,"15":10,"16":10,"17":10,"18":10,"19":10,"20":10,"21":1,"22":1,"23":9,"24":10,"25":1,"26":1,"27":8,"28":10,"29":1,"30":1,"31":7,"32":7,"33":7,"34":7,"35":7,"36":7,"37":1},"branchMap":{"0":{"type":"branch","line":11,"loc":{"start":{"line":11,"column":2},"end":{"line":11,"column":58}},"locations":[{"start":{"line":11,"column":2},"end":{"line":11,"column":58}}]},"1":{"type":"branch","line":13,"loc":{"start":{"line":13,"column":8},"end":{"line":37,"column":3}},"locations":[{"start":{"line":13,"column":8},"end":{"line":37,"column":3}}]},"2":{"type":"branch","line":21,"loc":{"start":{"line":21,"column":29},"end":{"line":23,"column":5}},"locations":[{"start":{"line":21,"column":29},"end":{"line":23,"column":5}}]},"3":{"type":"branch","line":24,"loc":{"start":{"line":24,"column":-2},"end":{"line":25,"column":22}},"locations":[{"start":{"line":24,"column":-2},"end":{"line":25,"column":22}}]},"4":{"type":"branch","line":25,"loc":{"start":{"line":25,"column":22},"end":{"line":27,"column":5}},"locations":[{"start":{"line":25,"column":22},"end":{"line":27,"column":5}}]},"5":{"type":"branch","line":28,"loc":{"start":{"line":28,"column":-2},"end":{"line":29,"column":28}},"locations":[{"start":{"line":28,"column":-2},"end":{"line":29,"column":28}}]},"6":{"type":"branch","line":29,"loc":{"start":{"line":29,"column":28},"end":{"line":31,"column":5}},"locations":[{"start":{"line":29,"column":28},"end":{"line":31,"column":5}}]},"7":{"type":"branch","line":32,"loc":{"start":{"line":32,"column":-2},"end":{"line":37,"column":3}},"locations":[{"start":{"line":32,"column":-2},"end":{"line":37,"column":3}}]}},"b":{"0":[4],"1":[10],"2":[1],"3":[9],"4":[1],"5":[8],"6":[1],"7":[7]},"fnMap":{"0":{"name":"CreateOrderUseCase","decl":{"start":{"line":11,"column":2},"end":{"line":11,"column":58}},"loc":{"start":{"line":11,"column":2},"end":{"line":11,"column":58}},"line":11},"1":{"name":"execute","decl":{"start":{"line":13,"column":8},"end":{"line":37,"column":3}},"loc":{"start":{"line":13,"column":8},"end":{"line":37,"column":3}},"line":13}},"f":{"0":4,"1":10}}
,"C:\\Users\\guilh\\Documents\\Projetos\\tracker-orders2\\api\\src\\useCases\\DeleteOrderByTrackingCode\\deleteOrderByTrackingCodeUseCase.ts": {"path":"C:\\Users\\guilh\\Documents\\Projetos\\tracker-orders2\\api\\src\\useCases\\DeleteOrderByTrackingCode\\deleteOrderByTrackingCodeUseCase.ts","all":false,"statementMap":{"0":{"start":{"line":1,"column":0},"end":{"line":1,"column":44}},"1":{"start":{"line":2,"column":0},"end":{"line":2,"column":68}},"2":{"start":{"line":3,"column":0},"end":{"line":3,"column":0}},"3":{"start":{"line":4,"column":0},"end":{"line":4,"column":47}},"4":{"start":{"line":5,"column":0},"end":{"line":5,"column":58}},"5":{"start":{"line":6,"column":0},"end":{"line":6,"column":0}},"6":{"start":{"line":7,"column":0},"end":{"line":7,"column":55}},"7":{"start":{"line":8,"column":0},"end":{"line":8,"column":78}},"8":{"start":{"line":9,"column":0},"end":{"line":9,"column":18}},"9":{"start":{"line":10,"column":0},"end":{"line":10,"column":5}},"10":{"start":{"line":11,"column":0},"end":{"line":11,"column":0}},"11":{"start":{"line":12,"column":0},"end":{"line":12,"column":76}},"12":{"start":{"line":13,"column":0},"end":{"line":13,"column":0}},"13":{"start":{"line":14,"column":0},"end":{"line":14,"column":26}},"14":{"start":{"line":15,"column":0},"end":{"line":15,"column":48}},"15":{"start":{"line":16,"column":0},"end":{"line":16,"column":8}},"16":{"start":{"line":17,"column":0},"end":{"line":17,"column":0}},"17":{"start":{"line":18,"column":0},"end":{"line":18,"column":23}},"18":{"start":{"line":19,"column":0},"end":{"line":19,"column":3}},"19":{"start":{"line":20,"column":0},"end":{"line":20,"column":1}}},"s":{"0":1,"1":1,"2":1,"3":1,"4":1,"5":1,"6":1,"7":1,"8":1,"9":1,"10":1,"11":1,"12":1,"13":1,"14":1,"15":1,"16":1,"17":1,"18":1,"19":1},"branchMap":{"0":{"type":"branch","line":5,"loc":{"start":{"line":5,"column":2},"end":{"line":5,"column":58}},"locations":[{"start":{"line":5,"column":2},"end":{"line":5,"column":58}}]},"1":{"type":"branch","line":7,"loc":{"start":{"line":7,"column":8},"end":{"line":19,"column":3}},"locations":[{"start":{"line":7,"column":8},"end":{"line":19,"column":3}}]}},"b":{"0":[1],"1":[1]},"fnMap":{"0":{"name":"DeleteOrderByTrackingCodeUseCase","decl":{"start":{"line":5,"column":2},"end":{"line":5,"column":58}},"loc":{"start":{"line":5,"column":2},"end":{"line":5,"column":58}},"line":5},"1":{"name":"execute","decl":{"start":{"line":7,"column":8},"end":{"line":19,"column":3}},"loc":{"start":{"line":7,"column":8},"end":{"line":19,"column":3}},"line":7}},"f":{"0":1,"1":1}}
,"C:\\Users\\guilh\\Documents\\Projetos\\tracker-orders2\\api\\src\\useCases\\FindOrderByTrackingCode\\findOrderByTrackingCodeUseCase.ts": {"path":"C:\\Users\\guilh\\Documents\\Projetos\\tracker-orders2\\api\\src\\useCases\\FindOrderByTrackingCode\\findOrderByTrackingCodeUseCase.ts","all":false,"statementMap":{"0":{"start":{"line":1,"column":0},"end":{"line":1,"column":44}},"1":{"start":{"line":2,"column":0},"end":{"line":2,"column":68}},"2":{"start":{"line":3,"column":0},"end":{"line":3,"column":0}},"3":{"start":{"line":4,"column":0},"end":{"line":4,"column":45}},"4":{"start":{"line":5,"column":0},"end":{"line":5,"column":58}},"5":{"start":{"line":6,"column":0},"end":{"line":6,"column":55}},"6":{"start":{"line":7,"column":0},"end":{"line":7,"column":75}},"7":{"start":{"line":8,"column":0},"end":{"line":8,"column":18}},"8":{"start":{"line":9,"column":0},"end":{"line":9,"column":5}},"9":{"start":{"line":10,"column":0},"end":{"line":10,"column":76}},"10":{"start":{"line":11,"column":0},"end":{"line":11,"column":23}},"11":{"start":{"line":12,"column":0},"end":{"line":12,"column":45}},"12":{"start":{"line":13,"column":0},"end":{"line":13,"column":5}},"13":{"start":{"line":14,"column":0},"end":{"line":14,"column":22}},"14":{"start":{"line":15,"column":0},"end":{"line":15,"column":3}},"15":{"start":{"line":16,"column":0},"end":{"line":16,"column":1}}},"s":{"0":1,"1":1,"2":1,"3":1,"4":1,"5":1,"6":2,"7":2,"8":2,"9":2,"10":2,"11":1,"12":1,"13":1,"14":1,"15":1},"branchMap":{"0":{"type":"branch","line":5,"loc":{"start":{"line":5,"column":2},"end":{"line":5,"column":58}},"locations":[{"start":{"line":5,"column":2},"end":{"line":5,"column":58}}]},"1":{"type":"branch","line":6,"loc":{"start":{"line":6,"column":8},"end":{"line":15,"column":3}},"locations":[{"start":{"line":6,"column":8},"end":{"line":15,"column":3}}]},"2":{"type":"branch","line":11,"loc":{"start":{"line":11,"column":22},"end":{"line":15,"column":3}},"locations":[{"start":{"line":11,"column":22},"end":{"line":15,"column":3}}]}},"b":{"0":[1],"1":[2],"2":[1]},"fnMap":{"0":{"name":"FindOrderByTrackingCodeUseCase","decl":{"start":{"line":5,"column":2},"end":{"line":5,"column":58}},"loc":{"start":{"line":5,"column":2},"end":{"line":5,"column":58}},"line":5},"1":{"name":"execute","decl":{"start":{"line":6,"column":8},"end":{"line":15,"column":3}},"loc":{"start":{"line":6,"column":8},"end":{"line":15,"column":3}},"line":6}},"f":{"0":1,"1":2}}
,"C:\\Users\\guilh\\Documents\\Projetos\\tracker-orders2\\api\\src\\useCases\\GetAllOrders\\getAllOrdersUseCase.ts": {"path":"C:\\Users\\guilh\\Documents\\Projetos\\tracker-orders2\\api\\src\\useCases\\GetAllOrders\\getAllOrdersUseCase.ts","all":false,"statementMap":{"0":{"start":{"line":1,"column":0},"end":{"line":1,"column":44}},"1":{"start":{"line":2,"column":0},"end":{"line":2,"column":68}},"2":{"start":{"line":3,"column":0},"end":{"line":3,"column":0}},"3":{"start":{"line":4,"column":0},"end":{"line":4,"column":34}},"4":{"start":{"line":5,"column":0},"end":{"line":5,"column":58}},"5":{"start":{"line":6,"column":0},"end":{"line":6,"column":37}},"6":{"start":{"line":7,"column":0},"end":{"line":7,"column":63}},"7":{"start":{"line":8,"column":0},"end":{"line":8,"column":20}},"8":{"start":{"line":9,"column":0},"end":{"line":9,"column":3}},"9":{"start":{"line":10,"column":0},"end":{"line":10,"column":1}}},"s":{"0":1,"1":1,"2":1,"3":1,"4":1,"5":1,"6":2,"7":2,"8":2,"9":1},"branchMap":{"0":{"type":"branch","line":5,"loc":{"start":{"line":5,"column":2},"end":{"line":5,"column":58}},"locations":[{"start":{"line":5,"column":2},"end":{"line":5,"column":58}}]},"1":{"type":"branch","line":6,"loc":{"start":{"line":6,"column":8},"end":{"line":9,"column":3}},"locations":[{"start":{"line":6,"column":8},"end":{"line":9,"column":3}}]}},"b":{"0":[2],"1":[2]},"fnMap":{"0":{"name":"GetAllOrdersUseCase","decl":{"start":{"line":5,"column":2},"end":{"line":5,"column":58}},"loc":{"start":{"line":5,"column":2},"end":{"line":5,"column":58}},"line":5},"1":{"name":"execute","decl":{"start":{"line":6,"column":8},"end":{"line":9,"column":3}},"loc":{"start":{"line":6,"column":8},"end":{"line":9,"column":3}},"line":6}},"f":{"0":2,"1":2}}
}
