TN:
SF:src\entities\Order.ts
FN:10,get trackingCode
FN:14,get title
FN:18,get description
FN:22,Order
FNF:4
FNH:0
FNDA:0,get trackingCode
FNDA:0,get title
FNDA:0,get description
FNDA:0,Order
DA:1,1
DA:2,1
DA:3,1
DA:4,1
DA:5,1
DA:6,1
DA:7,1
DA:8,1
DA:9,1
DA:10,1
DA:11,0
DA:12,0
DA:13,1
DA:14,1
DA:15,0
DA:16,0
DA:17,1
DA:18,1
DA:19,0
DA:20,0
DA:21,1
DA:22,1
DA:23,0
DA:24,0
DA:25,0
DA:26,0
DA:27,0
DA:28,0
DA:29,0
DA:30,0
DA:31,0
DA:32,0
DA:33,0
DA:34,0
DA:35,1
LF:35
LH:17
BRF:0
BRH:0
end_of_record
TN:
SF:src\repositories\inMemory\inMemoryOrderRepository.ts
FN:4,InMemoryOrderRepository
FN:7,createOrder
FN:11,findOrderByTrackingCode
FNF:3
FNH:2
FNDA:2,InMemoryOrderRepository
FNDA:0,createOrder
FNDA:1,findOrderByTrackingCode
DA:1,1
DA:2,1
DA:3,1
DA:4,2
DA:5,2
DA:6,2
DA:7,2
DA:8,0
DA:9,0
DA:10,2
DA:11,2
DA:12,1
DA:13,1
DA:14,1
DA:15,2
LF:15
LH:13
BRDA:4,0,0,2
BRDA:11,1,0,1
BRF:2
BRH:2
end_of_record
TN:
SF:src\useCases\CreateOrder\createOrderUseCase.ts
FN:11,CreateOrderUseCase
FN:13,execute
FNF:2
FNH:1
FNDA:1,CreateOrderUseCase
FNDA:0,execute
DA:1,1
DA:2,1
DA:3,1
DA:4,1
DA:5,1
DA:6,1
DA:7,1
DA:8,1
DA:9,1
DA:10,1
DA:11,1
DA:12,1
DA:13,1
DA:14,0
DA:15,0
DA:16,0
DA:17,0
DA:18,0
DA:19,0
DA:20,0
DA:21,0
DA:22,0
DA:23,0
DA:24,0
DA:25,0
DA:26,0
DA:27,0
DA:28,0
DA:29,0
DA:30,0
DA:31,0
DA:32,0
DA:33,0
DA:34,1
LF:34
LH:14
BRDA:11,0,0,1
BRF:1
BRH:1
end_of_record
TN:
SF:src\useCases\FindOrderByTrackingCode\findOrderByTrackingCodeUseCase.ts
FN:5,FindOrderByTrackingCodeUseCase
FN:6,execute
FNF:2
FNH:2
FNDA:2,FindOrderByTrackingCodeUseCase
FNDA:1,execute
DA:1,1
DA:2,1
DA:3,1
DA:4,1
DA:5,1
DA:6,1
DA:7,1
DA:8,1
DA:9,1
DA:10,1
LF:10
LH:10
BRDA:5,0,0,2
BRDA:6,1,0,1
BRF:2
BRH:2
end_of_record
