TN:
SF:src\entities\Order.ts
FN:8,Order
FN:14,create
FNF:2
FNH:2
FNDA:2,Order
FNDA:2,create
DA:1,1
DA:2,1
DA:3,1
DA:4,1
DA:5,1
DA:6,1
DA:7,1
DA:8,1
DA:9,2
DA:10,2
DA:11,2
DA:12,2
DA:13,1
DA:14,1
DA:15,2
DA:16,2
DA:17,2
DA:18,2
DA:19,1
LF:19
LH:19
BRDA:8,0,0,2
BRDA:14,1,0,2
BRF:2
BRH:2
end_of_record
TN:
SF:src\repositories\inMemory\inMemoryOrderRepository.ts
FN:4,InMemoryOrderRepository
FN:7,createOrder
FN:12,findOrderByTrackingCode
FN:17,orderExists
FNF:4
FNH:4
FNDA:2,InMemoryOrderRepository
FNDA:2,createOrder
FNDA:1,findOrderByTrackingCode
FNDA:6,orderExists
DA:1,1
DA:2,1
DA:3,1
DA:4,2
DA:5,2
DA:6,2
DA:7,2
DA:8,2
DA:9,2
DA:10,2
DA:11,2
DA:12,2
DA:13,1
DA:14,1
DA:15,1
DA:16,2
DA:17,2
DA:18,6
DA:19,6
DA:20,6
DA:21,2
LF:21
LH:21
BRDA:4,0,0,2
BRDA:7,1,0,2
BRDA:12,2,0,1
BRDA:17,3,0,6
BRDA:18,4,0,5
BRF:5
BRH:5
end_of_record
TN:
SF:src\useCases\CreateOrder\createOrderUseCase.ts
FN:11,CreateOrderUseCase
FN:13,execute
FNF:2
FNH:2
FNDA:2,CreateOrderUseCase
FNDA:5,execute
DA:1,1
DA:2,1
DA:3,1
DA:4,1
DA:5,1
DA:6,1
DA:7,1
DA:8,1
DA:9,1
DA:10,1
DA:11,1
DA:12,1
DA:13,1
DA:14,5
DA:15,5
DA:16,5
DA:17,5
DA:18,5
DA:19,5
DA:20,5
DA:21,5
DA:22,1
DA:23,1
DA:24,4
DA:25,5
DA:26,1
DA:27,1
DA:28,3
DA:29,5
DA:30,1
DA:31,1
DA:32,2
DA:33,2
DA:34,2
DA:35,2
DA:36,2
DA:37,2
DA:38,1
LF:38
LH:38
BRDA:11,0,0,2
BRDA:13,1,0,5
BRDA:21,2,0,1
BRDA:24,3,0,4
BRDA:25,4,0,1
BRDA:28,5,0,3
BRDA:29,6,0,1
BRDA:32,7,0,2
BRF:8
BRH:8
end_of_record
TN:
SF:src\useCases\FindOrderByTrackingCode\findOrderByTrackingCodeUseCase.ts
FN:5,FindOrderByTrackingCodeUseCase
FN:6,execute
FNF:2
FNH:2
FNDA:1,FindOrderByTrackingCodeUseCase
FNDA:1,execute
DA:1,1
DA:2,1
DA:3,1
DA:4,1
DA:5,1
DA:6,1
DA:7,1
DA:8,1
DA:9,1
DA:10,1
DA:11,1
DA:12,1
DA:13,0
DA:14,0
DA:15,1
LF:15
LH:13
BRDA:5,0,0,1
BRDA:6,1,0,1
BRDA:13,2,0,0
BRF:3
BRH:2
end_of_record
